; Top Design: "AC1_lib:Exercici_1:schematic"
; Netlisted using Hierarchy Policy: "Standard"

Options ResourceUsage=yes UseNutmegFormat=no EnableOptim=no TopDesignName="AC1_lib:Exercici_1:schematic" DcopOutputNodeVoltages=yes DcopOutputPinCurrents=yes DcopOutputAllSweepPoints=no DcopOutputDcopType=0
TLIN:TL1  N__10 V_1_zL1 Z=(2*50) Ohm E=180 F=1 GHz 
TLIN:TL2  N__7 V_2_zL2 Z=(sqrt(2)*50) Ohm E=270 F=1 GHz 
TLIN:TL3  N__4 V_3_zL3 Z=50 Ohm E=90 F=1 GHz 
R:Zg  N__11 V_1_z0 R=(2*50) Ohm Noise=yes 
R:ZL2  N__2 0 R=50 Ohm Noise=yes 
R:ZL3  N__6 0 R=(2*50) Ohm Noise=yes 
V_Source:SRC1  N__11 0 Type="V_AC" Vdc=0.0 V Vac=polar(1,0) V Freq=freq V_Noise=0 uV SaveCurrent=1 
AC:AC1 CalcNoise=no SortNoise=0 IncludePortNoise=yes BandwidthForNoise=1 Hz FreqConversion=no UseFiniteDiff=no StatusLevel=2 OutputBudgetIV=no DevOpPtLevel=0 \
SweepVar="freq" SweepPlan="AC1_stim" OutputPlan="AC1_Output" 

SweepPlan: AC1_stim Start=0 GHz Stop=3 GHz Step=0.1 GHz 

OutputPlan:AC1_Output \
      Type="Output" \
      UseNodeNestLevel=yes \
      NodeNestLevel=2 \
      UseEquationNestLevel=yes \
      EquationNestLevel=2 \
      UseSavedEquationNestLevel=yes \
      SavedEquationNestLevel=2 \
      UseDeviceCurrentNestLevel=no \
      DeviceCurrentNestLevel=0 \
      DeviceCurrentDeviceType="All" \
      DeviceCurrentSymSyntax=yes \
      UseCurrentNestLevel=yes \
      CurrentNestLevel=999 \
      UseDeviceVoltageNestLevel=no \
      DeviceVoltageNestLevel=0 \
      DeviceVoltageDeviceType="All"

Short:I_2_z0  N__9 N__7 Mode=0 SaveCurrent=yes 
Short:I_3_z0  N__9 N__4 Mode=0 SaveCurrent=yes 
Short:I_1_z0  V_1_z0 N__10 Mode=0 SaveCurrent=yes 
Short:I_1_zL1  V_1_zL1 N__9 Mode=0 SaveCurrent=yes 
Short:I_2_zL2  V_2_zL2 N__2 Mode=0 SaveCurrent=yes 
Short:I_3_zL3  V_3_zL3 N__6 Mode=0 SaveCurrent=yes 
